2023-05-16 20:05:372 INFO  HomePage :109 - Click on My Account link[[ChromeDriver: chrome on WINDOWS (bc0c4333d5c00b60f4113b704a6bd378)] -> xpath: //span[contains(text(),'My Account')]]
2023-05-16 20:05:844 INFO  LoginPage :31 - Verify the Login Page name[[ChromeDriver: chrome on WINDOWS (bc0c4333d5c00b60f4113b704a6bd378)] -> xpath: //h2[contains(text(),'Returning Customer')]]
2023-05-16 20:05:466 INFO  HomePage :59 - Hover the mouse on Desktops tab and click[[ChromeDriver: chrome on WINDOWS (9c6e4ce0110bf53ba6a9baa6ee4049f0)] -> link text: Desktops]
2023-05-16 20:05:673 INFO  HomePage :64 - Select show all desktops from drop down[]
2023-05-16 20:05:688 INFO  DesktopPage :69 - Get a list of all products listed under desktops[[[ChromeDriver: chrome on WINDOWS (9c6e4ce0110bf53ba6a9baa6ee4049f0)] -> xpath: //h4/a], [[ChromeDriver: chrome on WINDOWS (9c6e4ce0110bf53ba6a9baa6ee4049f0)] -> xpath: //h4/a], [[ChromeDriver: chrome on WINDOWS (9c6e4ce0110bf53ba6a9baa6ee4049f0)] -> xpath: //h4/a], [[ChromeDriver: chrome on WINDOWS (9c6e4ce0110bf53ba6a9baa6ee4049f0)] -> xpath: //h4/a]]
2023-05-16 20:05:737 INFO  DesktopPage :69 - Get a list of all products listed under desktops[[[ChromeDriver: chrome on WINDOWS (9c6e4ce0110bf53ba6a9baa6ee4049f0)] -> xpath: //h4/a], [[ChromeDriver: chrome on WINDOWS (9c6e4ce0110bf53ba6a9baa6ee4049f0)] -> xpath: //h4/a], [[ChromeDriver: chrome on WINDOWS (9c6e4ce0110bf53ba6a9baa6ee4049f0)] -> xpath: //h4/a], [[ChromeDriver: chrome on WINDOWS (9c6e4ce0110bf53ba6a9baa6ee4049f0)] -> xpath: //h4/a]]
2023-05-16 20:05:776 INFO  DesktopPage :69 - Get a list of all products listed under desktops[[[ChromeDriver: chrome on WINDOWS (9c6e4ce0110bf53ba6a9baa6ee4049f0)] -> xpath: //h4/a], [[ChromeDriver: chrome on WINDOWS (9c6e4ce0110bf53ba6a9baa6ee4049f0)] -> xpath: //h4/a], [[ChromeDriver: chrome on WINDOWS (9c6e4ce0110bf53ba6a9baa6ee4049f0)] -> xpath: //h4/a], [[ChromeDriver: chrome on WINDOWS (9c6e4ce0110bf53ba6a9baa6ee4049f0)] -> xpath: //h4/a]]
2023-05-16 20:05:811 INFO  DesktopPage :81 - Get a list of all products listed under desktops by Name Z to A[[[ChromeDriver: chrome on WINDOWS (9c6e4ce0110bf53ba6a9baa6ee4049f0)] -> xpath: //h4/a], [[ChromeDriver: chrome on WINDOWS (9c6e4ce0110bf53ba6a9baa6ee4049f0)] -> xpath: //h4/a], [[ChromeDriver: chrome on WINDOWS (9c6e4ce0110bf53ba6a9baa6ee4049f0)] -> xpath: //h4/a], [[ChromeDriver: chrome on WINDOWS (9c6e4ce0110bf53ba6a9baa6ee4049f0)] -> xpath: //h4/a]]
2023-05-16 20:05:133 INFO  HomePage :69 - Hover the mouse on Laptops & Notebooks tab and click[[ChromeDriver: chrome on WINDOWS (3266176d94faa0a71b06e1f5ea266d60)] -> link text: Laptops & Notebooks]
2023-05-16 20:05:283 INFO  HomePage :74 - Select show all Laptops & Notebooks from drop down[]
2023-05-16 20:05:298 INFO  LaptopsAndNotebooksPage :54 - Get a list of all products listed under Laptops and Notebooks[[[ChromeDriver: chrome on WINDOWS (3266176d94faa0a71b06e1f5ea266d60)] -> xpath: //p[@class ='price']], [[ChromeDriver: chrome on WINDOWS (3266176d94faa0a71b06e1f5ea266d60)] -> xpath: //p[@class ='price']], [[ChromeDriver: chrome on WINDOWS (3266176d94faa0a71b06e1f5ea266d60)] -> xpath: //p[@class ='price']], [[ChromeDriver: chrome on WINDOWS (3266176d94faa0a71b06e1f5ea266d60)] -> xpath: //p[@class ='price']]]
2023-05-16 20:05:148 INFO  HomePage :109 - Click on My Account link[[ChromeDriver: chrome on WINDOWS (b48e107db7b9b6a5472ebb1e14c5f239)] -> xpath: //span[contains(text(),'My Account')]]
2023-05-16 20:05:829 INFO  RegisterPage :58 - Verify the Register Page name[[ChromeDriver: chrome on WINDOWS (b48e107db7b9b6a5472ebb1e14c5f239)] -> xpath: //h1[contains(text(),'Register Account')]]
2023-05-16 20:05:291 INFO  HomePage :59 - Hover the mouse on Desktops tab and click[[ChromeDriver: chrome on WINDOWS (14482b34424b3570ab45e3f5bbf81c3b)] -> link text: Desktops]
2023-05-16 20:05:485 INFO  HomePage :64 - Select show all desktops from drop down[]
2023-05-16 20:05:497 INFO  DesktopPage :64 - Verify the Desktop page nameProxy element for: DefaultElementLocator 'By.xpath: //h2[contains(text(),'Desktops')]'
2023-05-16 20:05:894 INFO  HomePage :109 - Click on My Account link[[ChromeDriver: chrome on WINDOWS (62844a2391a906fdff92ff4ae86ac3fc)] -> xpath: //span[contains(text(),'My Account')]]
2023-05-16 20:05:301 INFO  LoginPage :31 - Verify the Login Page name[[ChromeDriver: chrome on WINDOWS (62844a2391a906fdff92ff4ae86ac3fc)] -> xpath: //h2[contains(text(),'Returning Customer')]]
2023-05-16 20:05:804 INFO  HomePage :59 - Hover the mouse on Desktops tab and click[[ChromeDriver: chrome on WINDOWS (13926e1d3021e2eaba2a3a01aad33819)] -> link text: Desktops]
2023-05-16 20:05:997 INFO  HomePage :64 - Select show all desktops from drop down[]
2023-05-16 20:05:10 INFO  DesktopPage :69 - Get a list of all products listed under desktops[[[ChromeDriver: chrome on WINDOWS (13926e1d3021e2eaba2a3a01aad33819)] -> xpath: //h4/a], [[ChromeDriver: chrome on WINDOWS (13926e1d3021e2eaba2a3a01aad33819)] -> xpath: //h4/a], [[ChromeDriver: chrome on WINDOWS (13926e1d3021e2eaba2a3a01aad33819)] -> xpath: //h4/a], [[ChromeDriver: chrome on WINDOWS (13926e1d3021e2eaba2a3a01aad33819)] -> xpath: //h4/a]]
2023-05-16 20:05:52 INFO  DesktopPage :69 - Get a list of all products listed under desktops[[[ChromeDriver: chrome on WINDOWS (13926e1d3021e2eaba2a3a01aad33819)] -> xpath: //h4/a], [[ChromeDriver: chrome on WINDOWS (13926e1d3021e2eaba2a3a01aad33819)] -> xpath: //h4/a], [[ChromeDriver: chrome on WINDOWS (13926e1d3021e2eaba2a3a01aad33819)] -> xpath: //h4/a], [[ChromeDriver: chrome on WINDOWS (13926e1d3021e2eaba2a3a01aad33819)] -> xpath: //h4/a]]
2023-05-16 20:05:100 INFO  DesktopPage :69 - Get a list of all products listed under desktops[[[ChromeDriver: chrome on WINDOWS (13926e1d3021e2eaba2a3a01aad33819)] -> xpath: //h4/a], [[ChromeDriver: chrome on WINDOWS (13926e1d3021e2eaba2a3a01aad33819)] -> xpath: //h4/a], [[ChromeDriver: chrome on WINDOWS (13926e1d3021e2eaba2a3a01aad33819)] -> xpath: //h4/a], [[ChromeDriver: chrome on WINDOWS (13926e1d3021e2eaba2a3a01aad33819)] -> xpath: //h4/a]]
2023-05-16 20:05:136 INFO  DesktopPage :81 - Get a list of all products listed under desktops by Name Z to A[[[ChromeDriver: chrome on WINDOWS (13926e1d3021e2eaba2a3a01aad33819)] -> xpath: //h4/a], [[ChromeDriver: chrome on WINDOWS (13926e1d3021e2eaba2a3a01aad33819)] -> xpath: //h4/a], [[ChromeDriver: chrome on WINDOWS (13926e1d3021e2eaba2a3a01aad33819)] -> xpath: //h4/a], [[ChromeDriver: chrome on WINDOWS (13926e1d3021e2eaba2a3a01aad33819)] -> xpath: //h4/a]]
2023-05-16 20:05:45 INFO  HomePage :69 - Hover the mouse on Laptops & Notebooks tab and click[[ChromeDriver: chrome on WINDOWS (59ea45b1e33aeb73bdf338366e58ffee)] -> link text: Laptops & Notebooks]
2023-05-16 20:05:195 INFO  HomePage :74 - Select show all Laptops & Notebooks from drop down[]
2023-05-16 20:05:208 INFO  LaptopsAndNotebooksPage :54 - Get a list of all products listed under Laptops and Notebooks[[[ChromeDriver: chrome on WINDOWS (59ea45b1e33aeb73bdf338366e58ffee)] -> xpath: //p[@class ='price']], [[ChromeDriver: chrome on WINDOWS (59ea45b1e33aeb73bdf338366e58ffee)] -> xpath: //p[@class ='price']], [[ChromeDriver: chrome on WINDOWS (59ea45b1e33aeb73bdf338366e58ffee)] -> xpath: //p[@class ='price']], [[ChromeDriver: chrome on WINDOWS (59ea45b1e33aeb73bdf338366e58ffee)] -> xpath: //p[@class ='price']]]
2023-05-16 20:05:32 INFO  HomePage :109 - Click on My Account link[[ChromeDriver: chrome on WINDOWS (664502c6e25d196f2edebdffd43a4ab2)] -> xpath: //span[contains(text(),'My Account')]]
2023-05-16 20:05:677 INFO  RegisterPage :58 - Verify the Register Page name[[ChromeDriver: chrome on WINDOWS (664502c6e25d196f2edebdffd43a4ab2)] -> xpath: //h1[contains(text(),'Register Account')]]
2023-05-16 20:05:70 INFO  HomePage :59 - Hover the mouse on Desktops tab and click[[ChromeDriver: chrome on WINDOWS (1ca5401401a6e509992c687bf7bec3f4)] -> link text: Desktops]
2023-05-16 20:05:257 INFO  HomePage :64 - Select show all desktops from drop down[]
2023-05-16 20:05:284 INFO  DesktopPage :64 - Verify the Desktop page nameProxy element for: DefaultElementLocator 'By.xpath: //h2[contains(text(),'Desktops')]'
